0 info it worked if it ends with ok
1 verbose cli [ '/usr/local/bin/node',
1 verbose cli   '/usr/local/bin/npm',
1 verbose cli   'install',
1 verbose cli   '--save',
1 verbose cli   'react@0.13.3',
1 verbose cli   'react-dom@0.13.3' ]
2 info using npm@3.10.9
3 info using node@v6.9.2
4 silly loadCurrentTree Starting
5 silly install loadCurrentTree
6 silly install readLocalPackageData
7 silly fetchPackageMetaData react@0.13.3
8 silly fetchPackageMetaData react-dom@0.13.3
9 silly fetchNamedPackageData react
10 silly mapToRegistry name react
11 silly mapToRegistry using default registry
12 silly mapToRegistry registry https://registry.npmjs.org/
13 silly mapToRegistry data Result {
13 silly mapToRegistry   raw: 'react',
13 silly mapToRegistry   scope: null,
13 silly mapToRegistry   escapedName: 'react',
13 silly mapToRegistry   name: 'react',
13 silly mapToRegistry   rawSpec: '',
13 silly mapToRegistry   spec: 'latest',
13 silly mapToRegistry   type: 'tag' }
14 silly mapToRegistry uri https://registry.npmjs.org/react
15 silly fetchNamedPackageData react-dom
16 silly mapToRegistry name react-dom
17 silly mapToRegistry using default registry
18 silly mapToRegistry registry https://registry.npmjs.org/
19 silly mapToRegistry data Result {
19 silly mapToRegistry   raw: 'react-dom',
19 silly mapToRegistry   scope: null,
19 silly mapToRegistry   escapedName: 'react-dom',
19 silly mapToRegistry   name: 'react-dom',
19 silly mapToRegistry   rawSpec: '',
19 silly mapToRegistry   spec: 'latest',
19 silly mapToRegistry   type: 'tag' }
20 silly mapToRegistry uri https://registry.npmjs.org/react-dom
21 verbose request uri https://registry.npmjs.org/react
22 verbose request no auth needed
23 info attempt registry request try #1 at 11:53:08 AM
24 verbose request id 36537b5d6e0b2b0e
25 verbose etag W/"5870d660-216e0"
26 verbose lastModified Sat, 07 Jan 2017 11:52:00 GMT
27 http request GET https://registry.npmjs.org/react
28 verbose request uri https://registry.npmjs.org/react-dom
29 verbose request no auth needed
30 info attempt registry request try #1 at 11:53:08 AM
31 verbose etag W/"586c0255-f924"
32 verbose lastModified Tue, 03 Jan 2017 19:58:13 GMT
33 http request GET https://registry.npmjs.org/react-dom
34 http 304 https://registry.npmjs.org/react
35 verbose headers { date: 'Sun, 08 Jan 2017 22:53:12 GMT',
35 verbose headers   via: '1.1 varnish',
35 verbose headers   'cache-control': 'max-age=300',
35 verbose headers   etag: 'W/"5870d660-216e0"',
35 verbose headers   age: '253',
35 verbose headers   connection: 'keep-alive',
35 verbose headers   'x-served-by': 'cache-wlg7321-WLG',
35 verbose headers   'x-cache': 'HIT',
35 verbose headers   'x-cache-hits': '5',
35 verbose headers   'x-timer': 'S1483915992.801312,VS0,VE0',
35 verbose headers   vary: 'Accept-Encoding' }
36 silly get cb [ 304,
36 silly get   { date: 'Sun, 08 Jan 2017 22:53:12 GMT',
36 silly get     via: '1.1 varnish',
36 silly get     'cache-control': 'max-age=300',
36 silly get     etag: 'W/"5870d660-216e0"',
36 silly get     age: '253',
36 silly get     connection: 'keep-alive',
36 silly get     'x-served-by': 'cache-wlg7321-WLG',
36 silly get     'x-cache': 'HIT',
36 silly get     'x-cache-hits': '5',
36 silly get     'x-timer': 'S1483915992.801312,VS0,VE0',
36 silly get     vary: 'Accept-Encoding' } ]
37 verbose etag https://registry.npmjs.org/react from cache
38 verbose get saving react to /Users/finneom/.npm/registry.npmjs.org/react/.cache.json
39 verbose correctMkdir /Users/finneom/.npm correctMkdir not in flight; initializing
40 http 200 https://registry.npmjs.org/react-dom
41 verbose headers { server: 'nginx/1.10.1',
41 verbose headers   'content-type': 'application/json',
41 verbose headers   'last-modified': 'Fri, 06 Jan 2017 20:16:51 GMT',
41 verbose headers   etag: 'W/"586ffb33-ff5c"',
41 verbose headers   'content-encoding': 'gzip',
41 verbose headers   'cache-control': 'max-age=300',
41 verbose headers   'content-length': '6873',
41 verbose headers   'accept-ranges': 'bytes',
41 verbose headers   date: 'Sun, 08 Jan 2017 22:53:12 GMT',
41 verbose headers   via: '1.1 varnish',
41 verbose headers   age: '0',
41 verbose headers   connection: 'keep-alive',
41 verbose headers   'x-served-by': 'cache-wlg7321-WLG',
41 verbose headers   'x-cache': 'HIT',
41 verbose headers   'x-cache-hits': '1',
41 verbose headers   'x-timer': 'S1483915992.805486,VS0,VE34',
41 verbose headers   vary: 'Accept-Encoding' }
42 silly get cb [ 200,
42 silly get   { server: 'nginx/1.10.1',
42 silly get     'content-type': 'application/json',
42 silly get     'last-modified': 'Fri, 06 Jan 2017 20:16:51 GMT',
42 silly get     etag: 'W/"586ffb33-ff5c"',
42 silly get     'content-encoding': 'gzip',
42 silly get     'cache-control': 'max-age=300',
42 silly get     'content-length': '6873',
42 silly get     'accept-ranges': 'bytes',
42 silly get     date: 'Sun, 08 Jan 2017 22:53:12 GMT',
42 silly get     via: '1.1 varnish',
42 silly get     age: '0',
42 silly get     connection: 'keep-alive',
42 silly get     'x-served-by': 'cache-wlg7321-WLG',
42 silly get     'x-cache': 'HIT',
42 silly get     'x-cache-hits': '1',
42 silly get     'x-timer': 'S1483915992.805486,VS0,VE34',
42 silly get     vary: 'Accept-Encoding' } ]
43 verbose get saving react-dom to /Users/finneom/.npm/registry.npmjs.org/react-dom/.cache.json
44 verbose correctMkdir /Users/finneom/.npm correctMkdir not in flight; initializing
45 silly fetchPackageMetaData Error: No compatible version found: react-dom@0.13.3
45 silly fetchPackageMetaData Valid install targets:
45 silly fetchPackageMetaData 15.4.2, 15.4.1, 15.4.0, 15.4.0-rc.4, 15.4.0-rc.3, 15.4.0-rc.2, 15.4.0-rc.1, 15.3.2, 15.3.2-rc.1, 15.3.1, 15.3.1-rc.2, 15.3.1-rc.1, 15.3.0, 15.3.0-rc.3, 15.3.0-rc.2, 15.3.0-rc.1, 15.2.1, 15.2.0, 15.2.0-rc.2, 15.2.0-rc.1, 15.1.0, 15.1.0-alpha.1, 15.0.3-alpha.2, 15.0.3-alpha.1, 15.0.2, 15.0.2-alpha.4, 15.0.2-alpha.3, 15.0.2-alpha.2, 15.0.2-alpha.1, 15.0.1, 15.0.0, 15.0.0-rc.2, 15.0.0-rc.1, 0.15.0-alpha.1, 0.14.8, 0.14.7, 0.14.6, 0.14.5, 0.14.4, 0.14.3, 0.14.2, 0.14.1, 0.14.0, 0.14.0-rc1, 0.14.0-beta3, 0.14.0-beta2, 0.14.0-beta1, 0.1.0
45 silly fetchPackageMetaData
45 silly fetchPackageMetaData     at pickVersionFromRegistryDocument (/usr/local/lib/node_modules/npm/lib/fetch-package-metadata.js:178:16)
45 silly fetchPackageMetaData     at /usr/local/lib/node_modules/npm/node_modules/iferr/index.js:13:50
45 silly fetchPackageMetaData     at /usr/local/lib/node_modules/npm/lib/utils/pulse-till-done.js:20:8
45 silly fetchPackageMetaData     at saved (/usr/local/lib/node_modules/npm/lib/cache/caching-client.js:174:7)
45 silly fetchPackageMetaData     at /usr/local/lib/node_modules/npm/node_modules/graceful-fs/polyfills.js:241:18
45 silly fetchPackageMetaData     at FSReqWrap.oncomplete (fs.js:123:15)
45 silly fetchPackageMetaData  error for react-dom@0.13.3 { Error: No compatible version found: react-dom@0.13.3
45 silly fetchPackageMetaData Valid install targets:
45 silly fetchPackageMetaData 15.4.2, 15.4.1, 15.4.0, 15.4.0-rc.4, 15.4.0-rc.3, 15.4.0-rc.2, 15.4.0-rc.1, 15.3.2, 15.3.2-rc.1, 15.3.1, 15.3.1-rc.2, 15.3.1-rc.1, 15.3.0, 15.3.0-rc.3, 15.3.0-rc.2, 15.3.0-rc.1, 15.2.1, 15.2.0, 15.2.0-rc.2, 15.2.0-rc.1, 15.1.0, 15.1.0-alpha.1, 15.0.3-alpha.2, 15.0.3-alpha.1, 15.0.2, 15.0.2-alpha.4, 15.0.2-alpha.3, 15.0.2-alpha.2, 15.0.2-alpha.1, 15.0.1, 15.0.0, 15.0.0-rc.2, 15.0.0-rc.1, 0.15.0-alpha.1, 0.14.8, 0.14.7, 0.14.6, 0.14.5, 0.14.4, 0.14.3, 0.14.2, 0.14.1, 0.14.0, 0.14.0-rc1, 0.14.0-beta3, 0.14.0-beta2, 0.14.0-beta1, 0.1.0
45 silly fetchPackageMetaData
45 silly fetchPackageMetaData     at pickVersionFromRegistryDocument (/usr/local/lib/node_modules/npm/lib/fetch-package-metadata.js:178:16)
45 silly fetchPackageMetaData     at /usr/local/lib/node_modules/npm/node_modules/iferr/index.js:13:50
45 silly fetchPackageMetaData     at /usr/local/lib/node_modules/npm/lib/utils/pulse-till-done.js:20:8
45 silly fetchPackageMetaData     at saved (/usr/local/lib/node_modules/npm/lib/cache/caching-client.js:174:7)
45 silly fetchPackageMetaData     at /usr/local/lib/node_modules/npm/node_modules/graceful-fs/polyfills.js:241:18
45 silly fetchPackageMetaData     at FSReqWrap.oncomplete (fs.js:123:15) code: 'ETARGET' }
46 silly rollbackFailedOptional Starting
47 silly rollbackFailedOptional Finishing
48 silly runTopLevelLifecycles Finishing
49 silly install printInstalled
50 verbose stack Error: No compatible version found: react-dom@0.13.3
50 verbose stack Valid install targets:
50 verbose stack 15.4.2, 15.4.1, 15.4.0, 15.4.0-rc.4, 15.4.0-rc.3, 15.4.0-rc.2, 15.4.0-rc.1, 15.3.2, 15.3.2-rc.1, 15.3.1, 15.3.1-rc.2, 15.3.1-rc.1, 15.3.0, 15.3.0-rc.3, 15.3.0-rc.2, 15.3.0-rc.1, 15.2.1, 15.2.0, 15.2.0-rc.2, 15.2.0-rc.1, 15.1.0, 15.1.0-alpha.1, 15.0.3-alpha.2, 15.0.3-alpha.1, 15.0.2, 15.0.2-alpha.4, 15.0.2-alpha.3, 15.0.2-alpha.2, 15.0.2-alpha.1, 15.0.1, 15.0.0, 15.0.0-rc.2, 15.0.0-rc.1, 0.15.0-alpha.1, 0.14.8, 0.14.7, 0.14.6, 0.14.5, 0.14.4, 0.14.3, 0.14.2, 0.14.1, 0.14.0, 0.14.0-rc1, 0.14.0-beta3, 0.14.0-beta2, 0.14.0-beta1, 0.1.0
50 verbose stack
50 verbose stack     at pickVersionFromRegistryDocument (/usr/local/lib/node_modules/npm/lib/fetch-package-metadata.js:178:16)
50 verbose stack     at /usr/local/lib/node_modules/npm/node_modules/iferr/index.js:13:50
50 verbose stack     at /usr/local/lib/node_modules/npm/lib/utils/pulse-till-done.js:20:8
50 verbose stack     at saved (/usr/local/lib/node_modules/npm/lib/cache/caching-client.js:174:7)
50 verbose stack     at /usr/local/lib/node_modules/npm/node_modules/graceful-fs/polyfills.js:241:18
50 verbose stack     at FSReqWrap.oncomplete (fs.js:123:15)
51 verbose cwd /Users/finneom/Desktop/code/React/react_flux_demo
52 error Darwin 16.3.0
53 error argv "/usr/local/bin/node" "/usr/local/bin/npm" "install" "--save" "react@0.13.3" "react-dom@0.13.3"
54 error node v6.9.2
55 error npm  v3.10.9
56 error code ETARGET
57 error notarget No compatible version found: react-dom@0.13.3
57 error notarget Valid install targets:
57 error notarget 15.4.2, 15.4.1, 15.4.0, 15.4.0-rc.4, 15.4.0-rc.3, 15.4.0-rc.2, 15.4.0-rc.1, 15.3.2, 15.3.2-rc.1, 15.3.1, 15.3.1-rc.2, 15.3.1-rc.1, 15.3.0, 15.3.0-rc.3, 15.3.0-rc.2, 15.3.0-rc.1, 15.2.1, 15.2.0, 15.2.0-rc.2, 15.2.0-rc.1, 15.1.0, 15.1.0-alpha.1, 15.0.3-alpha.2, 15.0.3-alpha.1, 15.0.2, 15.0.2-alpha.4, 15.0.2-alpha.3, 15.0.2-alpha.2, 15.0.2-alpha.1, 15.0.1, 15.0.0, 15.0.0-rc.2, 15.0.0-rc.1, 0.15.0-alpha.1, 0.14.8, 0.14.7, 0.14.6, 0.14.5, 0.14.4, 0.14.3, 0.14.2, 0.14.1, 0.14.0, 0.14.0-rc1, 0.14.0-beta3, 0.14.0-beta2, 0.14.0-beta1, 0.1.0
58 error notarget This is most likely not a problem with npm itself.
58 error notarget In most cases you or one of your dependencies are requesting
58 error notarget a package version that doesn't exist.
59 verbose exit [ 1, true ]
